10 0.0018362149985478027
110 0.014813028999924427
210 0.026554513999144547
310 0.0406596630000422
410 0.05495914799939783
510 0.07507910399908724
610 0.0979555750000145
710 0.10227134399974602
810 0.12036329200054752
910 0.13911810900026467
1010 0.14809057999991637
1110 0.1604017509998812
1210 0.1760155650008528
1310 0.19580122499974095
1410 0.20836673400117434
1510 0.22132700600013777
1610 0.21735758500108204
1710 0.23455094000019017
1810 0.24913403500067943
1910 0.272897484999703
2010 0.28189879399906204
