 
****************************************
Report : qor
Design : s386
Version: M-2016.12-SP1
Date   : Thu Feb  6 18:52:39 2020
****************************************


  Timing Path Group 'ideal_clock'
  -----------------------------------
  Levels of Logic:               4.00
  Critical Path Length:          1.75
  Critical Path Slack:           4.20
  Critical Path Clk Period:     10.00
  Total Negative Slack:          0.00
  No. of Violating Paths:        0.00
  Worst Hold Violation:          0.00
  Total Hold Violation:          0.00
  No. of Hold Violations:        0.00
  -----------------------------------


  Cell Count
  -----------------------------------
  Hierarchical Cell Count:          6
  Hierarchical Port Count:         18
  Leaf Cell Count:                 79
  Buf/Inv Cell Count:              17
  Buf Cell Count:                   0
  Inv Cell Count:                  17
  CT Buf/Inv Cell Count:            0
  Combinational Cell Count:        73
  Sequential Cell Count:            6
  Macro Count:                      0
  -----------------------------------


  Area
  -----------------------------------
  Combinational Area:      139.779201
  Noncombinational Area:    39.646465
  Buf/Inv Area:             21.602240
  Total Buffer Area:             0.00
  Total Inverter Area:          21.60
  Macro/Black Box Area:      0.000000
  Net Area:                 19.165017
  -----------------------------------
  Cell Area:               179.425666
  Design Area:             198.590684


  Design Rules
  -----------------------------------
  Total Number of Nets:            87
  Nets With Violations:             0
  Max Trans Violations:             0
  Max Cap Violations:               0
  -----------------------------------


  Hostname: xunil-03.coe.drexel.edu

  Compile CPU Statistics
  -----------------------------------------
  Resource Sharing:                    0.00
  Logic Optimization:                  0.21
  Mapping Optimization:                0.33
  -----------------------------------------
  Overall Compile Time:                1.92
  Overall Compile Wall Clock Time:     1.94

  --------------------------------------------------------------------

  Design  WNS: 0.00  TNS: 0.00  Number of Violating Paths: 0


  Design (Hold)  WNS: 0.00  TNS: 0.00  Number of Violating Paths: 0

  --------------------------------------------------------------------


1
